<?xml version="1.0" encoding="UTF-8"?>
<!-- Generated by org.testng.reporters.JUnitReportReporter -->
<testsuite hostname="DESKTOP-7JJOL20" failures="0" tests="1" name="nopCommerce.testCases.TC_LoginTest_001" time="23.634" errors="0" timestamp="2022-09-21T20:26:05 IST" skipped="0">
  <testcase classname="nopCommerce.testCases.TC_LoginTest_001" name="loginTest" time="23.634"/>
  <system-out/>
</testsuite> <!-- nopCommerce.testCases.TC_LoginTest_001 -->
